<?xml version="1.0" encoding="UTF-8"?>
<!-- Generated by org.testng.reporters.JUnitReportReporter -->
<testsuite hostname="DESKTOP-5KUS9UE" failures="0" tests="1" name="testNGExecution.Test2" time="23.847" errors="0" timestamp="2023-07-18T07:44:12 IST" skipped="0">
  <testcase classname="testNGExecution.Test2" name="f" time="23.847"/>
</testsuite> <!-- testNGExecution.Test2 -->
