<?xml version="1.0" encoding="UTF-8"?>
<!-- Generated by org.testng.reporters.JUnitReportReporter -->
<testsuite hostname="DESKTOP-5KUS9UE" failures="0" tests="1" name="testNGPackage.Sumo" time="0.004" errors="0" timestamp="2023-07-15T15:41:39 IST" skipped="0">
  <testcase classname="testNGPackage.Sumo" name="N" time="0.004">
    <system-out>
      <![CDATA[This is N TestNG Class]]>
    </system-out>
  </testcase> <!-- N -->
  <system-out>
    <![CDATA[This is demo  in TestNG class
This is Swapx TestNG Class$
This is N TestNG Class]]>
  </system-out>
</testsuite> <!-- testNGPackage.Sumo -->
