<?xml version="1.0" encoding="UTF-8"?>
<!-- Generated by org.testng.reporters.JUnitReportReporter -->
<testsuite hostname="DESKTOP-5KUS9UE" failures="0" tests="1" name="testNGExecution.Test1" time="23.644" errors="0" timestamp="2023-07-18T07:44:12 IST" skipped="0">
  <testcase classname="testNGExecution.Test1" name="f" time="23.644"/>
</testsuite> <!-- testNGExecution.Test1 -->
