<?xml version="1.0" encoding="UTF-8"?>
<!-- Generated by org.testng.reporters.JUnitReportReporter -->
<testsuite hostname="DESKTOP-5KUS9UE" failures="0" tests="1" name="testNGPackage.Demo" time="33.687" errors="0" timestamp="2023-07-17T14:43:59 IST" skipped="0">
  <testcase classname="testNGPackage.Demo" name="f" time="33.687">
    <system-out>
      <![CDATA[This is Demo TestNG class]]>
    </system-out>
  </testcase> <!-- f -->
  <system-out>
    <![CDATA[This is Demo TestNG class
This is Remo TestNG class
This is Sumo TestNG class]]>
  </system-out>
</testsuite> <!-- testNGPackage.Demo -->
