<?xml version="1.0" encoding="UTF-8"?>
<!-- Generated by org.testng.reporters.JUnitReportReporter -->
<testsuite hostname="DESKTOP-5KUS9UE" failures="0" tests="2" name="testNGAnnotations_Flags.AnnotationsClass" time="0.035" errors="0" timestamp="2023-07-19T15:45:37 IST" skipped="0">
  <testcase classname="testNGAnnotations_Flags.AnnotationsClass" name="method1" time="0.022">
    <system-out>
      <![CDATA[This is method1 of TestAnnotation]]>
    </system-out>
  </testcase> <!-- method1 -->
  <testcase classname="testNGAnnotations_Flags.AnnotationsClass" name="method10" time="0.013">
    <system-out>
      <![CDATA[TestAnnotation2]]>
    </system-out>
  </testcase> <!-- method10 -->
  <system-out>
    <![CDATA[BeforeSuiteAnnotation
BeforeTestAnnotation
BeforeClassAnnotation
BeforeMethodAnnotation
This is method1 of TestAnnotation
AfterMethodAnnotation
BeforeMethodAnnotation
TestAnnotation2
AfterMethodAnnotation
AfterClassAnnotation
AfterTestAnnotation
AfterSuiteAnnotation]]>
  </system-out>
</testsuite> <!-- testNGAnnotations_Flags.AnnotationsClass -->
