<?xml version="1.0" encoding="UTF-8"?>
<!-- Generated by org.testng.reporters.JUnitReportReporter -->
<testsuite hostname="DESKTOP-5KUS9UE" failures="0" tests="2" name="testNGExecution.TestMethod1" time="0.046" errors="0" timestamp="2023-07-18T15:21:56 IST" skipped="0">
  <testcase classname="testNGExecution.TestMethod1" name="testMethod2" time="0.023">
    <system-out>
      <![CDATA[Thread Id of testMethod2 :20]]>
    </system-out>
  </testcase> <!-- testMethod2 -->
  <testcase classname="testNGExecution.TestMethod1" name="testMethod1" time="0.023">
    <system-out>
      <![CDATA[Thread Id of testMethod1 :19]]>
    </system-out>
  </testcase> <!-- testMethod1 -->
  <system-out>
    <![CDATA[Thread Id of testMethod1 :19
Thread Id of testMethod6 :22
Thread Id of testMethod3 :23
Thread Id of testMethod2 :20
Thread Id of testMethod5 :21
Thread Id of testMethod4 :21]]>
  </system-out>
</testsuite> <!-- testNGExecution.TestMethod1 -->
