<?xml version="1.0" encoding="UTF-8"?>
<!-- Generated by org.testng.reporters.JUnitReportReporter -->
<testsuite hostname="DESKTOP-5KUS9UE" failures="0" tests="2" name="testNGPackage2.Demo2" time="0.021" errors="0" timestamp="2023-07-17T15:14:04 IST" skipped="0">
  <testcase classname="testNGPackage2.Demo2" name="method3" time="0.017">
    <system-out>
      <![CDATA[This is method3]]>
    </system-out>
  </testcase> <!-- method3 -->
  <testcase classname="testNGPackage2.Demo2" name="method4" time="0.004">
    <system-out>
      <![CDATA[This is method4]]>
    </system-out>
  </testcase> <!-- method4 -->
  <system-out>
    <![CDATA[This is method3
This is method4
This is method5
This is method6
This is method1
This is method2]]>
  </system-out>
</testsuite> <!-- testNGPackage2.Demo2 -->
