<?xml version="1.0" encoding="UTF-8"?>
<!-- Generated by org.testng.reporters.JUnitReportReporter -->
<testsuite hostname="DESKTOP-5KUS9UE" failures="0" tests="2" name="testNGPackage2.Demo3" time="0.006" errors="0" timestamp="2023-07-17T15:14:04 IST" skipped="0">
  <testcase classname="testNGPackage2.Demo3" name="method4" time="0.003">
    <system-out>
      <![CDATA[This is method6]]>
    </system-out>
  </testcase> <!-- method4 -->
  <testcase classname="testNGPackage2.Demo3" name="method3" time="0.003">
    <system-out>
      <![CDATA[This is method5]]>
    </system-out>
  </testcase> <!-- method3 -->
  <system-out>
    <![CDATA[This is method3
This is method4
This is method5
This is method6
This is method1
This is method2]]>
  </system-out>
</testsuite> <!-- testNGPackage2.Demo3 -->
