<?xml version="1.0" encoding="UTF-8"?>
<!-- Generated by org.testng.reporters.JUnitReportReporter -->
<testsuite hostname="DESKTOP-5KUS9UE" failures="0" tests="1" name="testNGExecution.Test3" time="74.967" errors="0" timestamp="2023-07-18T07:44:12 IST" skipped="0">
  <testcase classname="testNGExecution.Test3" name="f" time="74.967"/>
</testsuite> <!-- testNGExecution.Test3 -->
