<?xml version="1.0" encoding="UTF-8"?>
<!-- Generated by org.testng.reporters.JUnitReportReporter -->
<testsuite hostname="DESKTOP-5KUS9UE" failures="0" tests="1" name="testNGPackage.Sumo" time="18.694" errors="0" timestamp="2023-07-17T14:43:59 IST" skipped="0">
  <testcase classname="testNGPackage.Sumo" name="N" time="18.694">
    <system-out>
      <![CDATA[This is Sumo TestNG class]]>
    </system-out>
  </testcase> <!-- N -->
  <system-out>
    <![CDATA[This is Demo TestNG class
This is Remo TestNG class
This is Sumo TestNG class]]>
  </system-out>
</testsuite> <!-- testNGPackage.Sumo -->
