<?xml version="1.0" encoding="UTF-8"?>
<!-- Generated by org.testng.reporters.JUnitReportReporter -->
<testsuite hostname="DESKTOP-5KUS9UE" failures="0" tests="2" name="testNGExecution.TestMethod3" time="0.048" errors="0" timestamp="2023-07-18T15:21:56 IST" skipped="0">
  <testcase classname="testNGExecution.TestMethod3" name="testMethod6" time="0.025">
    <system-out>
      <![CDATA[Thread Id of testMethod6 :22]]>
    </system-out>
  </testcase> <!-- testMethod6 -->
  <testcase classname="testNGExecution.TestMethod3" name="testMethod5" time="0.023">
    <system-out>
      <![CDATA[Thread Id of testMethod5 :21]]>
    </system-out>
  </testcase> <!-- testMethod5 -->
  <system-out>
    <![CDATA[Thread Id of testMethod1 :19
Thread Id of testMethod6 :22
Thread Id of testMethod3 :23
Thread Id of testMethod2 :20
Thread Id of testMethod5 :21
Thread Id of testMethod4 :21]]>
  </system-out>
</testsuite> <!-- testNGExecution.TestMethod3 -->
