<?xml version="1.0" encoding="UTF-8"?>
<!-- Generated by org.testng.reporters.JUnitReportReporter -->
<testsuite hostname="DESKTOP-5KUS9UE" failures="0" tests="1" name="testNGPackage.Remo" time="16.953" errors="0" timestamp="2023-07-17T14:43:59 IST" skipped="0">
  <testcase classname="testNGPackage.Remo" name="S" time="16.953">
    <system-out>
      <![CDATA[This is Remo TestNG class]]>
    </system-out>
  </testcase> <!-- S -->
  <system-out>
    <![CDATA[This is Demo TestNG class
This is Remo TestNG class
This is Sumo TestNG class]]>
  </system-out>
</testsuite> <!-- testNGPackage.Remo -->
