<?xml version="1.0" encoding="UTF-8"?>
<!-- Generated by org.testng.reporters.JUnitReportReporter -->
<testsuite hostname="DESKTOP-5KUS9UE" failures="0" tests="1" name="testNGPackage.Demo" time="0.016" errors="0" timestamp="2023-07-15T15:41:39 IST" skipped="0">
  <testcase classname="testNGPackage.Demo" name="f" time="0.016">
    <system-out>
      <![CDATA[This is demo  in TestNG class]]>
    </system-out>
  </testcase> <!-- f -->
  <system-out>
    <![CDATA[This is demo  in TestNG class
This is Swapx TestNG Class$
This is N TestNG Class]]>
  </system-out>
</testsuite> <!-- testNGPackage.Demo -->
